<?xml version="1.0" encoding="UTF-8"?>
<!-- Generated by org.testng.reporters.JUnitReportReporter -->
<testsuite skipped="0" hostname="dell-PC" name="MavenProjectORGHRM.ORGHRM.BrowserLaunchTest" tests="1" failures="0" timestamp="2020-09-15T13:01:53 IST" time="7.490" errors="0">
  <testcase name="browserlaunch" time="7.490" classname="MavenProjectORGHRM.ORGHRM.BrowserLaunchTest"/>
  <system-out/>
</testsuite> <!-- MavenProjectORGHRM.ORGHRM.BrowserLaunchTest -->
